<?xml version="1.0" encoding="UTF-8"?><testsuite name="nosetests" tests="33" errors="0" failures="0" skip="0"><testcase classname="spanglish.tests.test_manager_word.WordsManagerTestClass" name="test_get_all_words_by_iso1" time="0.010"></testcase><testcase classname="spanglish.tests.test_manager_word.WordsManagerTestClass" name="test_get_all_words_by_iso1_default_value" time="0.003"></testcase><testcase classname="spanglish.tests.test_manager_word.WordsManagerTestClass" name="test_get_all_words_by_iso1_from_manager" time="0.003"></testcase><testcase classname="spanglish.tests.test_manager_word.WordsManagerTestClass" name="test_get_word_object_instance" time="0.003"></testcase><testcase classname="spanglish.tests.test_models_language.LanguageModelTestClass" name="test_applabel_language_spanglish" time="0.004"></testcase><testcase classname="spanglish.tests.test_models_language.LanguageModelTestClass" name="test_create_language_object_success" time="0.167"></testcase><testcase classname="spanglish.tests.test_models_language.LanguageModelTestClass" name="test_create_language_without_iso1" time="0.065"></testcase><testcase classname="spanglish.tests.test_models_language.LanguageModelTestClass" name="test_get_language_en" time="0.004"></testcase><testcase classname="spanglish.tests.test_serializers_category.CategorySerializerTestClass" name="test_get_serialized_object_with_expected_keys" time="0.013"></testcase><testcase classname="spanglish.tests.test_serializers_language.LanguageSerializerTestClass" name="test_language_creation_iso_empty" time="0.207"></testcase><testcase classname="spanglish.tests.test_serializers_language.LanguageSerializerTestClass" name="test_language_serialized_object_with_expected_keys" time="0.007"></testcase><testcase classname="spanglish.tests.test_serializers_word.WordSerializerTestClass" name="test_get_serialized_object_with_expected_keys" time="0.005"></testcase><testcase classname="spanglish.tests.test_views_category.CategoryViewTestClass" name="test_create_category_201" time="0.106"></testcase><testcase classname="spanglish.tests.test_views_category.CategoryViewTestClass" name="test_create_existing_category_400" time="0.024"></testcase><testcase classname="spanglish.tests.test_views_category.CategoryViewTestClass" name="test_delete_category_204" time="0.064"></testcase><testcase classname="spanglish.tests.test_views_category.CategoryViewTestClass" name="test_get_all_categories_200" time="0.010"></testcase><testcase classname="spanglish.tests.test_views_category.CategoryViewTestClass" name="test_get_categories_unauthorized_401" time="0.005"></testcase><testcase classname="spanglish.tests.test_views_category.CategoryViewTestClass" name="test_get_category_error_with_unknow_param_404" time="0.008"></testcase><testcase classname="spanglish.tests.test_views_category.CategoryViewTestClass" name="test_get_category_with_content" time="0.010"></testcase><testcase classname="spanglish.tests.test_views_category.CategoryViewTestClass" name="test_put_category_200" time="0.093"></testcase><testcase classname="spanglish.tests.test_views_word.WordListViewTestClass" name="test_get_language_en_200" time="0.012"></testcase><testcase classname="spanglish.tests.test_views_word.WordListViewTestClass" name="test_get_language_en_content" time="0.011"></testcase><testcase classname="spanglish.tests.test_views_word.WordListViewTestClass" name="test_get_language_en_unauthorized_401" time="0.005"></testcase><testcase classname="spanglish.tests.test_views_word.WordListViewTestClass" name="test_get_language_error_with_no_en_404" time="0.035"></testcase><testcase classname="wipecardetailing.tests.test_model_formsubmits.FormsubmitModelTestClass" name="test_applabel_formsumbit_spanglish" time="0.014"></testcase><testcase classname="wipecardetailing.tests.test_model_formsubmits.FormsubmitModelTestClass" name="test_create_formsubmits_required_fields_only" time="0.101"></testcase><testcase classname="wipecardetailing.tests.test_model_formsubmits.FormsubmitModelTestClass" name="test_get_formsubmit_formname_contact" time="0.010"></testcase><testcase classname="wipecardetailing.tests.test_serializers_formsubmits.FormsubmitsSerializerTestClass" name="test_Formsubmits_serialized_object_with_expected_keys" time="0.015"></testcase><testcase classname="wipecardetailing.tests.test_views_formsubmits.FormsubmitsViewTestClass" name="test_get_3_formsubmits_200" time="0.018"></testcase><testcase classname="wipecardetailing.tests.test_views_formsubmits.FormsubmitsViewTestClass" name="test_post_formsubmit_201" time="0.027"></testcase><testcase classname="wipecardetailing.tests.test_views_formsubmits.FormsubmitsViewTestClass" name="test_post_formsubmit_invalid_email_400" time="0.015"></testcase><testcase classname="wipecardetailing.tests.test_views_formsubmits.FormsubmitsViewTestClass" name="test_post_formsubmit_mising_email_400" time="0.013"></testcase><testcase classname="wipecardetailing.tests.test_views_formsubmits.FormsubmitsViewTestClass" name="test_post_formsubmit_mising_formname_400" time="0.014"></testcase></testsuite>