<?xml version="1.0" encoding="UTF-8"?><testsuite name="nosetests" tests="24" errors="0" failures="0" skip="0"><testcase classname="spanglish.tests.test_manager_word.WordsManagerTestClass" name="test_get_all_words_by_iso1" time="0.100"></testcase><testcase classname="spanglish.tests.test_manager_word.WordsManagerTestClass" name="test_get_all_words_by_iso1_default_value" time="0.005"></testcase><testcase classname="spanglish.tests.test_manager_word.WordsManagerTestClass" name="test_get_all_words_by_iso1_from_manager" time="0.006"></testcase><testcase classname="spanglish.tests.test_manager_word.WordsManagerTestClass" name="test_get_word_object_instance" time="0.004"></testcase><testcase classname="spanglish.tests.test_models_language.LanguageModelTestClass" name="test_applabel_language_spanglish" time="0.005"></testcase><testcase classname="spanglish.tests.test_models_language.LanguageModelTestClass" name="test_create_language_object_success" time="0.076"></testcase><testcase classname="spanglish.tests.test_models_language.LanguageModelTestClass" name="test_create_language_without_iso1" time="0.081"></testcase><testcase classname="spanglish.tests.test_models_language.LanguageModelTestClass" name="test_get_language_en" time="0.006"></testcase><testcase classname="spanglish.tests.test_serializers_category.CategorySerializerTestClass" name="test_get_serialized_object_with_expected_keys" time="0.012"></testcase><testcase classname="spanglish.tests.test_serializers_language.LanguageSerializerTestClass" name="test_language_creation_iso_empty" time="0.079"></testcase><testcase classname="spanglish.tests.test_serializers_language.LanguageSerializerTestClass" name="test_language_serialized_object_with_expected_keys" time="0.009"></testcase><testcase classname="spanglish.tests.test_serializers_word.WordSerializerTestClass" name="test_get_serialized_object_with_expected_keys" time="0.008"></testcase><testcase classname="spanglish.tests.test_views_category.CategoryViewTestClass" name="test_create_category_201" time="0.074"></testcase><testcase classname="spanglish.tests.test_views_category.CategoryViewTestClass" name="test_create_existing_category_400" time="0.018"></testcase><testcase classname="spanglish.tests.test_views_category.CategoryViewTestClass" name="test_delete_category_204" time="0.170"></testcase><testcase classname="spanglish.tests.test_views_category.CategoryViewTestClass" name="test_get_all_categories_200" time="0.010"></testcase><testcase classname="spanglish.tests.test_views_category.CategoryViewTestClass" name="test_get_categories_unauthorized_401" time="0.005"></testcase><testcase classname="spanglish.tests.test_views_category.CategoryViewTestClass" name="test_get_category_error_with_unknow_param_404" time="0.008"></testcase><testcase classname="spanglish.tests.test_views_category.CategoryViewTestClass" name="test_get_category_with_content" time="0.010"></testcase><testcase classname="spanglish.tests.test_views_category.CategoryViewTestClass" name="test_put_category_200" time="0.104"></testcase><testcase classname="spanglish.tests.test_views_word.WordListViewTestClass" name="test_get_language_en_200" time="0.011"></testcase><testcase classname="spanglish.tests.test_views_word.WordListViewTestClass" name="test_get_language_en_content" time="0.010"></testcase><testcase classname="spanglish.tests.test_views_word.WordListViewTestClass" name="test_get_language_en_unauthorized_401" time="0.005"></testcase><testcase classname="spanglish.tests.test_views_word.WordListViewTestClass" name="test_get_language_error_with_no_en_404" time="0.051"></testcase></testsuite>